ERROR - 2024-02-06 00:28:17 --> mysqli_sql_exception: Table 'krishibharat.registers' doesn't exist in G:\project\krishi\krishi_bharat\vendor\codeigniter4\framework\system\Database\MySQLi\Connection.php:306
Stack trace:
#0 G:\project\krishi\krishi_bharat\vendor\codeigniter4\framework\system\Database\MySQLi\Connection.php(306): mysqli->query('SELECT *\nFROM `...', 0)
#1 G:\project\krishi\krishi_bharat\vendor\codeigniter4\framework\system\Database\BaseConnection.php(693): CodeIgniter\Database\MySQLi\Connection->execute('SELECT *\nFROM `...')
#2 G:\project\krishi\krishi_bharat\vendor\codeigniter4\framework\system\Database\BaseConnection.php(607): CodeIgniter\Database\BaseConnection->simpleQuery('SELECT *\nFROM `...')
#3 G:\project\krishi\krishi_bharat\vendor\codeigniter4\framework\system\Database\BaseBuilder.php(1616): CodeIgniter\Database\BaseConnection->query('SELECT *\nFROM `...', Array, false)
#4 G:\project\krishi\krishi_bharat\vendor\codeigniter4\framework\system\Model.php(242): CodeIgniter\Database\BaseBuilder->get()
#5 G:\project\krishi\krishi_bharat\vendor\codeigniter4\framework\system\BaseModel.php(638): CodeIgniter\Model->doFindAll(0, 0)
#6 G:\project\krishi\krishi_bharat\app\Models\RegisterModel.php(52): CodeIgniter\BaseModel->findAll()
#7 G:\project\krishi\krishi_bharat\app\Controllers\Register.php(16): App\Models\RegisterModel->Statas()
#8 G:\project\krishi\krishi_bharat\vendor\codeigniter4\framework\system\CodeIgniter.php(941): App\Controllers\Register->index()
#9 G:\project\krishi\krishi_bharat\vendor\codeigniter4\framework\system\CodeIgniter.php(502): CodeIgniter\CodeIgniter->runController(Object(App\Controllers\Register))
#10 G:\project\krishi\krishi_bharat\vendor\codeigniter4\framework\system\CodeIgniter.php(361): CodeIgniter\CodeIgniter->handleRequest(NULL, Object(Config\Cache), false)
#11 G:\project\krishi\krishi_bharat\public\index.php(79): CodeIgniter\CodeIgniter->run()
#12 G:\project\krishi\krishi_bharat\vendor\codeigniter4\framework\system\Commands\Server\rewrite.php(47): require_once('G:\\project\\kris...')
#13 {main}
CRITICAL - 2024-02-06 00:28:17 --> CodeIgniter\Database\Exceptions\DatabaseException: Table 'krishibharat.registers' doesn't exist
in SYSTEMPATH\Database\BaseConnection.php on line 647.
 1 SYSTEMPATH\Database\BaseBuilder.php(1616): CodeIgniter\Database\BaseConnection->query('SELECT *
FROM `registers`', [], false)
 2 SYSTEMPATH\Model.php(242): CodeIgniter\Database\BaseBuilder->get()
 3 SYSTEMPATH\BaseModel.php(638): CodeIgniter\Model->doFindAll(0, 0)
 4 APPPATH\Models\RegisterModel.php(52): CodeIgniter\BaseModel->findAll()
 5 APPPATH\Controllers\Register.php(16): App\Models\RegisterModel->Statas()
 6 SYSTEMPATH\CodeIgniter.php(941): App\Controllers\Register->index()
 7 SYSTEMPATH\CodeIgniter.php(502): CodeIgniter\CodeIgniter->runController(Object(App\Controllers\Register))
 8 SYSTEMPATH\CodeIgniter.php(361): CodeIgniter\CodeIgniter->handleRequest(null, Object(Config\Cache), false)
 9 FCPATH\index.php(79): CodeIgniter\CodeIgniter->run()
10 SYSTEMPATH\Commands\Server\rewrite.php(47): require_once('G:\\project\\krishi\\krishi_bharat\\public\\index.php')
CRITICAL - 2024-02-06 00:28:17 --> [Caused by] CodeIgniter\Database\Exceptions\DatabaseException: Table 'krishibharat.registers' doesn't exist
in SYSTEMPATH\Database\MySQLi\Connection.php on line 311.
 1 SYSTEMPATH\Database\BaseConnection.php(693): CodeIgniter\Database\MySQLi\Connection->execute('SELECT *
FROM `registers`')
 2 SYSTEMPATH\Database\BaseConnection.php(607): CodeIgniter\Database\BaseConnection->simpleQuery('SELECT *
FROM `registers`')
 3 SYSTEMPATH\Database\BaseBuilder.php(1616): CodeIgniter\Database\BaseConnection->query('SELECT *
FROM `registers`', [], false)
 4 SYSTEMPATH\Model.php(242): CodeIgniter\Database\BaseBuilder->get()
 5 SYSTEMPATH\BaseModel.php(638): CodeIgniter\Model->doFindAll(0, 0)
 6 APPPATH\Models\RegisterModel.php(52): CodeIgniter\BaseModel->findAll()
 7 APPPATH\Controllers\Register.php(16): App\Models\RegisterModel->Statas()
 8 SYSTEMPATH\CodeIgniter.php(941): App\Controllers\Register->index()
 9 SYSTEMPATH\CodeIgniter.php(502): CodeIgniter\CodeIgniter->runController(Object(App\Controllers\Register))
10 SYSTEMPATH\CodeIgniter.php(361): CodeIgniter\CodeIgniter->handleRequest(null, Object(Config\Cache), false)
11 FCPATH\index.php(79): CodeIgniter\CodeIgniter->run()
12 SYSTEMPATH\Commands\Server\rewrite.php(47): require_once('G:\\project\\krishi\\krishi_bharat\\public\\index.php')
CRITICAL - 2024-02-06 00:28:17 --> [Caused by] mysqli_sql_exception: Table 'krishibharat.registers' doesn't exist
in SYSTEMPATH\Database\MySQLi\Connection.php on line 306.
 1 SYSTEMPATH\Database\MySQLi\Connection.php(306): mysqli->query('SELECT *
FROM `registers`', 0)
 2 SYSTEMPATH\Database\BaseConnection.php(693): CodeIgniter\Database\MySQLi\Connection->execute('SELECT *
FROM `registers`')
 3 SYSTEMPATH\Database\BaseConnection.php(607): CodeIgniter\Database\BaseConnection->simpleQuery('SELECT *
FROM `registers`')
 4 SYSTEMPATH\Database\BaseBuilder.php(1616): CodeIgniter\Database\BaseConnection->query('SELECT *
FROM `registers`', [], false)
 5 SYSTEMPATH\Model.php(242): CodeIgniter\Database\BaseBuilder->get()
 6 SYSTEMPATH\BaseModel.php(638): CodeIgniter\Model->doFindAll(0, 0)
 7 APPPATH\Models\RegisterModel.php(52): CodeIgniter\BaseModel->findAll()
 8 APPPATH\Controllers\Register.php(16): App\Models\RegisterModel->Statas()
 9 SYSTEMPATH\CodeIgniter.php(941): App\Controllers\Register->index()
10 SYSTEMPATH\CodeIgniter.php(502): CodeIgniter\CodeIgniter->runController(Object(App\Controllers\Register))
11 SYSTEMPATH\CodeIgniter.php(361): CodeIgniter\CodeIgniter->handleRequest(null, Object(Config\Cache), false)
12 FCPATH\index.php(79): CodeIgniter\CodeIgniter->run()
13 SYSTEMPATH\Commands\Server\rewrite.php(47): require_once('G:\\project\\krishi\\krishi_bharat\\public\\index.php')
