CRITICAL - 2024-02-05 19:12:50 --> ErrorException: Undefined variable $page_name
in APPPATH\Views\index.php on line 4.
 1 APPPATH\Views\index.php(4): CodeIgniter\Debug\Exceptions->errorHandler(2, 'Undefined variable $page_name', 'G:\\project\\krishi\\krishi_bharat\\app\\Views\\index.php', 4)
 2 SYSTEMPATH\View\View.php(228): include('G:\\project\\krishi\\krishi_bharat\\app\\Views\\index.php')
 3 SYSTEMPATH\View\View.php(231): CodeIgniter\View\View->CodeIgniter\View\{closure}()
 4 SYSTEMPATH\Common.php(1178): CodeIgniter\View\View->render('index', [], true)
 5 APPPATH\Controllers\Home.php(10): view('index')
 6 SYSTEMPATH\CodeIgniter.php(941): App\Controllers\Home->index()
 7 SYSTEMPATH\CodeIgniter.php(502): CodeIgniter\CodeIgniter->runController(Object(App\Controllers\Home))
 8 SYSTEMPATH\CodeIgniter.php(361): CodeIgniter\CodeIgniter->handleRequest(null, Object(Config\Cache), false)
 9 FCPATH\index.php(79): CodeIgniter\CodeIgniter->run()
10 SYSTEMPATH\Commands\Server\rewrite.php(47): require_once('G:\\project\\krishi\\krishi_bharat\\public\\index.php')
CRITICAL - 2024-02-05 19:12:53 --> ErrorException: Undefined variable $page_name
in APPPATH\Views\index.php on line 4.
 1 APPPATH\Views\index.php(4): CodeIgniter\Debug\Exceptions->errorHandler(2, 'Undefined variable $page_name', 'G:\\project\\krishi\\krishi_bharat\\app\\Views\\index.php', 4)
 2 SYSTEMPATH\View\View.php(228): include('G:\\project\\krishi\\krishi_bharat\\app\\Views\\index.php')
 3 SYSTEMPATH\View\View.php(231): CodeIgniter\View\View->CodeIgniter\View\{closure}()
 4 SYSTEMPATH\Common.php(1178): CodeIgniter\View\View->render('index', [], true)
 5 APPPATH\Controllers\Home.php(10): view('index')
 6 SYSTEMPATH\CodeIgniter.php(941): App\Controllers\Home->index()
 7 SYSTEMPATH\CodeIgniter.php(502): CodeIgniter\CodeIgniter->runController(Object(App\Controllers\Home))
 8 SYSTEMPATH\CodeIgniter.php(361): CodeIgniter\CodeIgniter->handleRequest(null, Object(Config\Cache), false)
 9 FCPATH\index.php(79): CodeIgniter\CodeIgniter->run()
10 SYSTEMPATH\Commands\Server\rewrite.php(47): require_once('G:\\project\\krishi\\krishi_bharat\\public\\index.php')
